Build started 14/06/2015 17:09:45.
     1>Project "c:\Users\Familia\documents\visual studio 2013\Projects\Laboratorio 3\Laboratorio 3\Laboratorio 3.vcxproj" on node 2 (Build target(s)).
     1>ClCompile:
         C:\Program Files (x86)\Microsoft Visual Studio 12.0\VC\bin\CL.exe /c /ZI /nologo /W3 /WX- /sdl /Od /Oy- /D WIN32 /D _DEBUG /D _CONSOLE /D _LIB /D _UNICODE /D UNICODE /Gm /EHsc /RTC1 /MDd /GS /fp:precise /Zc:wchar_t /Zc:forScope /Yc"stdafx.h" /Fp"Debug\Laboratorio 3.pch" /Fo"Debug\\" /Fd"Debug\vc120.pdb" /Gd /TP /analyze- /errorReport:prompt stdafx.cpp
         stdafx.cpp
         C:\Program Files (x86)\Microsoft Visual Studio 12.0\VC\bin\CL.exe /c /ZI /nologo /W3 /WX- /sdl /Od /Oy- /D WIN32 /D _DEBUG /D _CONSOLE /D _LIB /D _UNICODE /D UNICODE /Gm /EHsc /RTC1 /MDd /GS /fp:precise /Zc:wchar_t /Zc:forScope /Yu"stdafx.h" /Fp"Debug\Laboratorio 3.pch" /Fo"Debug\\" /Fd"Debug\vc120.pdb" /Gd /TP /analyze- /errorReport:prompt ArbolBinario.cpp Elemento.cpp ElementoDouble.cpp ElementoInt.cpp ElementoPersona.cpp "Laboratorio 3.cpp"
         Laboratorio 3.cpp
     1>c:\users\familia\documents\visual studio 2013\projects\laboratorio 3\laboratorio 3\laboratorio 3.cpp(21): warning C4244: 'argument' : conversion from 'time_t' to 'unsigned int', possible loss of data
         ElementoPersona.cpp
         ElementoInt.cpp
         ElementoDouble.cpp
         Elemento.cpp
         ArbolBinario.cpp
         Generating Code...
       Link:
         C:\Program Files (x86)\Microsoft Visual Studio 12.0\VC\bin\link.exe /ERRORREPORT:PROMPT /OUT:"c:\users\familia\documents\visual studio 2013\Projects\Laboratorio 3\Debug\Laboratorio 3.exe" /INCREMENTAL /NOLOGO kernel32.lib user32.lib gdi32.lib winspool.lib comdlg32.lib advapi32.lib shell32.lib ole32.lib oleaut32.lib uuid.lib odbc32.lib odbccp32.lib /MANIFEST /MANIFESTUAC:"level='asInvoker' uiAccess='false'" /manifest:embed /DEBUG /PDB:"c:\users\familia\documents\visual studio 2013\Projects\Laboratorio 3\Debug\Laboratorio 3.pdb" /SUBSYSTEM:CONSOLE /TLBID:1 /DYNAMICBASE /NXCOMPAT /IMPLIB:"c:\users\familia\documents\visual studio 2013\Projects\Laboratorio 3\Debug\Laboratorio 3.lib" /MACHINE:X86 Debug\ArbolBinario.obj
         Debug\Elemento.obj
         Debug\ElementoDouble.obj
         Debug\ElementoInt.obj
         Debug\ElementoPersona.obj
         "Debug\Laboratorio 3.obj"
         Debug\stdafx.obj
         Laboratorio 3.vcxproj -> c:\users\familia\documents\visual studio 2013\Projects\Laboratorio 3\Debug\Laboratorio 3.exe
     1>Done Building Project "c:\Users\Familia\documents\visual studio 2013\Projects\Laboratorio 3\Laboratorio 3\Laboratorio 3.vcxproj" (Build target(s)).

Build succeeded.

Time Elapsed 00:00:18.81
